终端机在文法中未使用

    comment


状态 137 冲突：1 项偏移/归约


语法

    0 $accept: CompUnit $end

    1 CompUnit: CompUnit CompUnit_
    2         | CompUnit_

    3 CompUnit_: Decl
    4          | FuncDef

    5 Ident: IDENT

    6 Number: NUM

    7 Decl: VarDecl

    8 VarDecl: INT VarDef VarDef_ SEMI

    9 VarDef_: ε
   10        | VarDef_ COMMA VarDef

   11 VarDef: Ident ASSIGNOP InitVal
   12       | Ident ArryList

   13 ArryList: ε
   14         | ArryList LB Number RB

   15 InitVal: Exp

   16 FuncDef: INT Ident LP FuncParams RP Block
   17        | INT Ident LP RP Block
   18        | VOID Ident LP FuncParams RP Block
   19        | VOID Ident LP RP Block

   20 FuncParams: FuncParam FuncParam_

   21 FuncParam: INT Ident
   22          | INT Ident LB RB ArryList

   23 FuncParam_: ε
   24           | FuncParam_ COMMA FuncParam

   25 Block: LC BlockItems RC

   26 BlockItems: ε
   27           | BlockItems BlockItem

   28 BlockItem: Decl
   29          | Stmt

   30 Stmt: LVal ASSIGNOP Exp SEMI
   31     | Exp SEMI
   32     | Block
   33     | IFStmt
   34     | WHILE LP Exp RP Stmt
   35     | BREAK SEMI
   36     | CONTINUE SEMI
   37     | RETURN Exp SEMI
   38     | RETURN SEMI

   39 IFStmt: IF LP Exp RP Stmt
   40       | IF LP Exp RP Stmt ELSE Stmt

   41 Exp: LOrExp

   42 LOrExp: LAndExp
   43       | LOrExp OR LAndExp

   44 LAndExp: EqExp
   45        | LAndExp AND EqExp

   46 EqExp: RelExp
   47      | EqExp EQ RelExp
   48      | EqExp NE RelExp

   49 RelExp: AddExp
   50       | RelExp LT AddExp
   51       | RelExp LE AddExp
   52       | RelExp GT AddExp
   53       | RelExp GE AddExp

   54 AddExp: MulExp
   55       | AddExp ADD MulExp
   56       | AddExp SUB MulExp

   57 MulExp: UnaryExp
   58       | MulExp MUL UnaryExp
   59       | MulExp DIV UnaryExp
   60       | MulExp MOD UnaryExp

   61 UnaryExp: PirmaryExp
   62         | Ident LP FuncRParams RP
   63         | Ident LP RP
   64         | ADD UnaryExp
   65         | SUB UnaryExp
   66         | NOT UnaryExp

   67 PirmaryExp: LP Exp RP
   68           | LVal
   69           | Number

   70 LVal: Ident LValList

   71 LValList: ε
   72         | LValList LB Exp RB

   73 FuncRParams: Exp FuncRP_

   74 FuncRP_: ε
   75        | FuncRP_ COMMA Exp


终结语词，附有它们出现处的规则

    $end (0) 0
    error (256)
    INT (258) 8 16 17 21 22
    VOID (259) 18 19
    NUM <ival> (260) 6
    ADD (261) 55 64
    SUB (262) 56 65
    MUL (263) 58
    DIV (264) 59
    AND (265) 45
    NOT (266) 66
    OR (267) 43
    MOD (268) 60
    RP (269) 16 17 18 19 34 39 40 62 63 67
    LP (270) 16 17 18 19 34 39 40 62 63 67
    RB (271) 14 22 72
    LB (272) 14 22 72
    RC (273) 25
    LC (274) 25
    SEMI (275) 8 30 31 35 36 37 38
    COMMA (276) 10 24 75
    IF (277) 39 40
    ELSE (278) 40
    WHILE (279) 34
    BREAK (280) 35
    CONTINUE (281) 36
    RETURN (282) 37 38
    LT (283) 50
    LE (284) 51
    GT (285) 52
    GE (286) 53
    EQ (287) 47
    NE (288) 48
    ASSIGNOP (289) 11 30
    IDENT (290) 5
    comment (291)


非终结语词，附有它们出现处的规则

    $accept (37)
        on left: 0
    CompUnit <comp> (38)
        on left: 1 2
        on right: 0 1
    CompUnit_ <stmt> (39)
        on left: 3 4
        on right: 1 2
    Ident <ident> (40)
        on left: 5
        on right: 11 12 16 17 18 19 21 22 62 63 70
    Number <integer> (41)
        on left: 6
        on right: 14 69
    Decl <stmt> (42)
        on left: 7
        on right: 3 28
    VarDecl <varDecl> (43)
        on left: 8
        on right: 7
    VarDef_ <vecTreeVarDef> (44)
        on left: 9 10
        on right: 8 10
    VarDef <varDef> (45)
        on left: 11 12
        on right: 8 10
    ArryList <vecTreeInt> (46)
        on left: 13 14
        on right: 12 14 22
    InitVal <expr> (47)
        on left: 15
        on right: 11
    FuncDef <stmt> (48)
        on left: 16 17 18 19
        on right: 4
    FuncParams <funcPs> (49)
        on left: 20
        on right: 16 18
    FuncParam <funcP> (50)
        on left: 21 22
        on right: 20 24
    FuncParam_ <vecFuncParam> (51)
        on left: 23 24
        on right: 20 24
    Block <stmt> (52)
        on left: 25
        on right: 16 17 18 19 32
    BlockItems <vecStmt> (53)
        on left: 26 27
        on right: 25 27
    BlockItem <stmt> (54)
        on left: 28 29
        on right: 27
    Stmt <stmt> (55)
        on left: 30 31 32 33 34 35 36 37 38
        on right: 29 34 39 40
    IFStmt <stmt> (56)
        on left: 39 40
        on right: 33
    Exp <expr> (57)
        on left: 41
        on right: 15 30 31 34 37 39 40 67 72 73 75
    LOrExp <expr> (58)
        on left: 42 43
        on right: 41 43
    LAndExp <expr> (59)
        on left: 44 45
        on right: 42 43 45
    EqExp <expr> (60)
        on left: 46 47 48
        on right: 44 45 47 48
    RelExp <expr> (61)
        on left: 49 50 51 52 53
        on right: 46 47 48 50 51 52 53
    AddExp <expr> (62)
        on left: 54 55 56
        on right: 49 50 51 52 53 55 56
    MulExp <expr> (63)
        on left: 57 58 59 60
        on right: 54 55 56 58 59 60
    UnaryExp <expr> (64)
        on left: 61 62 63 64 65 66
        on right: 57 58 59 60 64 65 66
    PirmaryExp <expr> (65)
        on left: 67 68 69
        on right: 61
    LVal <lVal> (66)
        on left: 70
        on right: 30 68
    LValList <vecTreeExpr> (67)
        on left: 71 72
        on right: 70 72
    FuncRParams <funcRP> (68)
        on left: 73
        on right: 62
    FuncRP_ <vecTreeExpr> (69)
        on left: 74 75
        on right: 73 75


状态 0

    0 $accept: • CompUnit $end

    INT   偏移，并进入状态 1
    VOID  偏移，并进入状态 2

    CompUnit   转到状态 3
    CompUnit_  转到状态 4
    Decl       转到状态 5
    VarDecl    转到状态 6
    FuncDef    转到状态 7


状态 1

    8 VarDecl: INT • VarDef VarDef_ SEMI
   16 FuncDef: INT • Ident LP FuncParams RP Block
   17        | INT • Ident LP RP Block

    IDENT  偏移，并进入状态 8

    Ident   转到状态 9
    VarDef  转到状态 10


状态 2

   18 FuncDef: VOID • Ident LP FuncParams RP Block
   19        | VOID • Ident LP RP Block

    IDENT  偏移，并进入状态 8

    Ident  转到状态 11


状态 3

    0 $accept: CompUnit • $end
    1 CompUnit: CompUnit • CompUnit_

    $end  偏移，并进入状态 12
    INT   偏移，并进入状态 1
    VOID  偏移，并进入状态 2

    CompUnit_  转到状态 13
    Decl       转到状态 5
    VarDecl    转到状态 6
    FuncDef    转到状态 7


状态 4

    2 CompUnit: CompUnit_ •

    $default  使用规则 2 以归约 (CompUnit)


状态 5

    3 CompUnit_: Decl •

    $default  使用规则 3 以归约 (CompUnit_)


状态 6

    7 Decl: VarDecl •

    $default  使用规则 7 以归约 (Decl)


状态 7

    4 CompUnit_: FuncDef •

    $default  使用规则 4 以归约 (CompUnit_)


状态 8

    5 Ident: IDENT •

    $default  使用规则 5 以归约 (Ident)


状态 9

   11 VarDef: Ident • ASSIGNOP InitVal
   12       | Ident • ArryList
   16 FuncDef: INT Ident • LP FuncParams RP Block
   17        | INT Ident • LP RP Block

    LP        偏移，并进入状态 14
    ASSIGNOP  偏移，并进入状态 15

    $default  使用规则 13 以归约 (ArryList)

    ArryList  转到状态 16


状态 10

    8 VarDecl: INT VarDef • VarDef_ SEMI

    $default  使用规则 9 以归约 (VarDef_)

    VarDef_  转到状态 17


状态 11

   18 FuncDef: VOID Ident • LP FuncParams RP Block
   19        | VOID Ident • LP RP Block

    LP  偏移，并进入状态 18


状态 12

    0 $accept: CompUnit $end •

    $default  接受


状态 13

    1 CompUnit: CompUnit CompUnit_ •

    $default  使用规则 1 以归约 (CompUnit)


状态 14

   16 FuncDef: INT Ident LP • FuncParams RP Block
   17        | INT Ident LP • RP Block

    INT  偏移，并进入状态 19
    RP   偏移，并进入状态 20

    FuncParams  转到状态 21
    FuncParam   转到状态 22


状态 15

   11 VarDef: Ident ASSIGNOP • InitVal

    NUM    偏移，并进入状态 23
    ADD    偏移，并进入状态 24
    SUB    偏移，并进入状态 25
    NOT    偏移，并进入状态 26
    LP     偏移，并进入状态 27
    IDENT  偏移，并进入状态 8

    Ident       转到状态 28
    Number      转到状态 29
    InitVal     转到状态 30
    Exp         转到状态 31
    LOrExp      转到状态 32
    LAndExp     转到状态 33
    EqExp       转到状态 34
    RelExp      转到状态 35
    AddExp      转到状态 36
    MulExp      转到状态 37
    UnaryExp    转到状态 38
    PirmaryExp  转到状态 39
    LVal        转到状态 40


状态 16

   12 VarDef: Ident ArryList •
   14 ArryList: ArryList • LB Number RB

    LB  偏移，并进入状态 41

    $default  使用规则 12 以归约 (VarDef)


状态 17

    8 VarDecl: INT VarDef VarDef_ • SEMI
   10 VarDef_: VarDef_ • COMMA VarDef

    SEMI   偏移，并进入状态 42
    COMMA  偏移，并进入状态 43


状态 18

   18 FuncDef: VOID Ident LP • FuncParams RP Block
   19        | VOID Ident LP • RP Block

    INT  偏移，并进入状态 19
    RP   偏移，并进入状态 44

    FuncParams  转到状态 45
    FuncParam   转到状态 22


状态 19

   21 FuncParam: INT • Ident
   22          | INT • Ident LB RB ArryList

    IDENT  偏移，并进入状态 8

    Ident  转到状态 46


状态 20

   17 FuncDef: INT Ident LP RP • Block

    LC  偏移，并进入状态 47

    Block  转到状态 48


状态 21

   16 FuncDef: INT Ident LP FuncParams • RP Block

    RP  偏移，并进入状态 49


状态 22

   20 FuncParams: FuncParam • FuncParam_

    $default  使用规则 23 以归约 (FuncParam_)

    FuncParam_  转到状态 50


状态 23

    6 Number: NUM •

    $default  使用规则 6 以归约 (Number)


状态 24

   64 UnaryExp: ADD • UnaryExp

    NUM    偏移，并进入状态 23
    ADD    偏移，并进入状态 24
    SUB    偏移，并进入状态 25
    NOT    偏移，并进入状态 26
    LP     偏移，并进入状态 27
    IDENT  偏移，并进入状态 8

    Ident       转到状态 28
    Number      转到状态 29
    UnaryExp    转到状态 51
    PirmaryExp  转到状态 39
    LVal        转到状态 40


状态 25

   65 UnaryExp: SUB • UnaryExp

    NUM    偏移，并进入状态 23
    ADD    偏移，并进入状态 24
    SUB    偏移，并进入状态 25
    NOT    偏移，并进入状态 26
    LP     偏移，并进入状态 27
    IDENT  偏移，并进入状态 8

    Ident       转到状态 28
    Number      转到状态 29
    UnaryExp    转到状态 52
    PirmaryExp  转到状态 39
    LVal        转到状态 40


状态 26

   66 UnaryExp: NOT • UnaryExp

    NUM    偏移，并进入状态 23
    ADD    偏移，并进入状态 24
    SUB    偏移，并进入状态 25
    NOT    偏移，并进入状态 26
    LP     偏移，并进入状态 27
    IDENT  偏移，并进入状态 8

    Ident       转到状态 28
    Number      转到状态 29
    UnaryExp    转到状态 53
    PirmaryExp  转到状态 39
    LVal        转到状态 40


状态 27

   67 PirmaryExp: LP • Exp RP

    NUM    偏移，并进入状态 23
    ADD    偏移，并进入状态 24
    SUB    偏移，并进入状态 25
    NOT    偏移，并进入状态 26
    LP     偏移，并进入状态 27
    IDENT  偏移，并进入状态 8

    Ident       转到状态 28
    Number      转到状态 29
    Exp         转到状态 54
    LOrExp      转到状态 32
    LAndExp     转到状态 33
    EqExp       转到状态 34
    RelExp      转到状态 35
    AddExp      转到状态 36
    MulExp      转到状态 37
    UnaryExp    转到状态 38
    PirmaryExp  转到状态 39
    LVal        转到状态 40


状态 28

   62 UnaryExp: Ident • LP FuncRParams RP
   63         | Ident • LP RP
   70 LVal: Ident • LValList

    LP  偏移，并进入状态 55

    $default  使用规则 71 以归约 (LValList)

    LValList  转到状态 56


状态 29

   69 PirmaryExp: Number •

    $default  使用规则 69 以归约 (PirmaryExp)


状态 30

   11 VarDef: Ident ASSIGNOP InitVal •

    $default  使用规则 11 以归约 (VarDef)


状态 31

   15 InitVal: Exp •

    $default  使用规则 15 以归约 (InitVal)


状态 32

   41 Exp: LOrExp •
   43 LOrExp: LOrExp • OR LAndExp

    OR  偏移，并进入状态 57

    $default  使用规则 41 以归约 (Exp)


状态 33

   42 LOrExp: LAndExp •
   45 LAndExp: LAndExp • AND EqExp

    AND  偏移，并进入状态 58

    $default  使用规则 42 以归约 (LOrExp)


状态 34

   44 LAndExp: EqExp •
   47 EqExp: EqExp • EQ RelExp
   48      | EqExp • NE RelExp

    EQ  偏移，并进入状态 59
    NE  偏移，并进入状态 60

    $default  使用规则 44 以归约 (LAndExp)


状态 35

   46 EqExp: RelExp •
   50 RelExp: RelExp • LT AddExp
   51       | RelExp • LE AddExp
   52       | RelExp • GT AddExp
   53       | RelExp • GE AddExp

    LT  偏移，并进入状态 61
    LE  偏移，并进入状态 62
    GT  偏移，并进入状态 63
    GE  偏移，并进入状态 64

    $default  使用规则 46 以归约 (EqExp)


状态 36

   49 RelExp: AddExp •
   55 AddExp: AddExp • ADD MulExp
   56       | AddExp • SUB MulExp

    ADD  偏移，并进入状态 65
    SUB  偏移，并进入状态 66

    $default  使用规则 49 以归约 (RelExp)


状态 37

   54 AddExp: MulExp •
   58 MulExp: MulExp • MUL UnaryExp
   59       | MulExp • DIV UnaryExp
   60       | MulExp • MOD UnaryExp

    MUL  偏移，并进入状态 67
    DIV  偏移，并进入状态 68
    MOD  偏移，并进入状态 69

    $default  使用规则 54 以归约 (AddExp)


状态 38

   57 MulExp: UnaryExp •

    $default  使用规则 57 以归约 (MulExp)


状态 39

   61 UnaryExp: PirmaryExp •

    $default  使用规则 61 以归约 (UnaryExp)


状态 40

   68 PirmaryExp: LVal •

    $default  使用规则 68 以归约 (PirmaryExp)


状态 41

   14 ArryList: ArryList LB • Number RB

    NUM  偏移，并进入状态 23

    Number  转到状态 70


状态 42

    8 VarDecl: INT VarDef VarDef_ SEMI •

    $default  使用规则 8 以归约 (VarDecl)


状态 43

   10 VarDef_: VarDef_ COMMA • VarDef

    IDENT  偏移，并进入状态 8

    Ident   转到状态 71
    VarDef  转到状态 72


状态 44

   19 FuncDef: VOID Ident LP RP • Block

    LC  偏移，并进入状态 47

    Block  转到状态 73


状态 45

   18 FuncDef: VOID Ident LP FuncParams • RP Block

    RP  偏移，并进入状态 74


状态 46

   21 FuncParam: INT Ident •
   22          | INT Ident • LB RB ArryList

    LB  偏移，并进入状态 75

    $default  使用规则 21 以归约 (FuncParam)


状态 47

   25 Block: LC • BlockItems RC

    $default  使用规则 26 以归约 (BlockItems)

    BlockItems  转到状态 76


状态 48

   17 FuncDef: INT Ident LP RP Block •

    $default  使用规则 17 以归约 (FuncDef)


状态 49

   16 FuncDef: INT Ident LP FuncParams RP • Block

    LC  偏移，并进入状态 47

    Block  转到状态 77


状态 50

   20 FuncParams: FuncParam FuncParam_ •
   24 FuncParam_: FuncParam_ • COMMA FuncParam

    COMMA  偏移，并进入状态 78

    $default  使用规则 20 以归约 (FuncParams)


状态 51

   64 UnaryExp: ADD UnaryExp •

    $default  使用规则 64 以归约 (UnaryExp)


状态 52

   65 UnaryExp: SUB UnaryExp •

    $default  使用规则 65 以归约 (UnaryExp)


状态 53

   66 UnaryExp: NOT UnaryExp •

    $default  使用规则 66 以归约 (UnaryExp)


状态 54

   67 PirmaryExp: LP Exp • RP

    RP  偏移，并进入状态 79


状态 55

   62 UnaryExp: Ident LP • FuncRParams RP
   63         | Ident LP • RP

    NUM    偏移，并进入状态 23
    ADD    偏移，并进入状态 24
    SUB    偏移，并进入状态 25
    NOT    偏移，并进入状态 26
    RP     偏移，并进入状态 80
    LP     偏移，并进入状态 27
    IDENT  偏移，并进入状态 8

    Ident        转到状态 28
    Number       转到状态 29
    Exp          转到状态 81
    LOrExp       转到状态 32
    LAndExp      转到状态 33
    EqExp        转到状态 34
    RelExp       转到状态 35
    AddExp       转到状态 36
    MulExp       转到状态 37
    UnaryExp     转到状态 38
    PirmaryExp   转到状态 39
    LVal         转到状态 40
    FuncRParams  转到状态 82


状态 56

   70 LVal: Ident LValList •
   72 LValList: LValList • LB Exp RB

    LB  偏移，并进入状态 83

    $default  使用规则 70 以归约 (LVal)


状态 57

   43 LOrExp: LOrExp OR • LAndExp

    NUM    偏移，并进入状态 23
    ADD    偏移，并进入状态 24
    SUB    偏移，并进入状态 25
    NOT    偏移，并进入状态 26
    LP     偏移，并进入状态 27
    IDENT  偏移，并进入状态 8

    Ident       转到状态 28
    Number      转到状态 29
    LAndExp     转到状态 84
    EqExp       转到状态 34
    RelExp      转到状态 35
    AddExp      转到状态 36
    MulExp      转到状态 37
    UnaryExp    转到状态 38
    PirmaryExp  转到状态 39
    LVal        转到状态 40


状态 58

   45 LAndExp: LAndExp AND • EqExp

    NUM    偏移，并进入状态 23
    ADD    偏移，并进入状态 24
    SUB    偏移，并进入状态 25
    NOT    偏移，并进入状态 26
    LP     偏移，并进入状态 27
    IDENT  偏移，并进入状态 8

    Ident       转到状态 28
    Number      转到状态 29
    EqExp       转到状态 85
    RelExp      转到状态 35
    AddExp      转到状态 36
    MulExp      转到状态 37
    UnaryExp    转到状态 38
    PirmaryExp  转到状态 39
    LVal        转到状态 40


状态 59

   47 EqExp: EqExp EQ • RelExp

    NUM    偏移，并进入状态 23
    ADD    偏移，并进入状态 24
    SUB    偏移，并进入状态 25
    NOT    偏移，并进入状态 26
    LP     偏移，并进入状态 27
    IDENT  偏移，并进入状态 8

    Ident       转到状态 28
    Number      转到状态 29
    RelExp      转到状态 86
    AddExp      转到状态 36
    MulExp      转到状态 37
    UnaryExp    转到状态 38
    PirmaryExp  转到状态 39
    LVal        转到状态 40


状态 60

   48 EqExp: EqExp NE • RelExp

    NUM    偏移，并进入状态 23
    ADD    偏移，并进入状态 24
    SUB    偏移，并进入状态 25
    NOT    偏移，并进入状态 26
    LP     偏移，并进入状态 27
    IDENT  偏移，并进入状态 8

    Ident       转到状态 28
    Number      转到状态 29
    RelExp      转到状态 87
    AddExp      转到状态 36
    MulExp      转到状态 37
    UnaryExp    转到状态 38
    PirmaryExp  转到状态 39
    LVal        转到状态 40


状态 61

   50 RelExp: RelExp LT • AddExp

    NUM    偏移，并进入状态 23
    ADD    偏移，并进入状态 24
    SUB    偏移，并进入状态 25
    NOT    偏移，并进入状态 26
    LP     偏移，并进入状态 27
    IDENT  偏移，并进入状态 8

    Ident       转到状态 28
    Number      转到状态 29
    AddExp      转到状态 88
    MulExp      转到状态 37
    UnaryExp    转到状态 38
    PirmaryExp  转到状态 39
    LVal        转到状态 40


状态 62

   51 RelExp: RelExp LE • AddExp

    NUM    偏移，并进入状态 23
    ADD    偏移，并进入状态 24
    SUB    偏移，并进入状态 25
    NOT    偏移，并进入状态 26
    LP     偏移，并进入状态 27
    IDENT  偏移，并进入状态 8

    Ident       转到状态 28
    Number      转到状态 29
    AddExp      转到状态 89
    MulExp      转到状态 37
    UnaryExp    转到状态 38
    PirmaryExp  转到状态 39
    LVal        转到状态 40


状态 63

   52 RelExp: RelExp GT • AddExp

    NUM    偏移，并进入状态 23
    ADD    偏移，并进入状态 24
    SUB    偏移，并进入状态 25
    NOT    偏移，并进入状态 26
    LP     偏移，并进入状态 27
    IDENT  偏移，并进入状态 8

    Ident       转到状态 28
    Number      转到状态 29
    AddExp      转到状态 90
    MulExp      转到状态 37
    UnaryExp    转到状态 38
    PirmaryExp  转到状态 39
    LVal        转到状态 40


状态 64

   53 RelExp: RelExp GE • AddExp

    NUM    偏移，并进入状态 23
    ADD    偏移，并进入状态 24
    SUB    偏移，并进入状态 25
    NOT    偏移，并进入状态 26
    LP     偏移，并进入状态 27
    IDENT  偏移，并进入状态 8

    Ident       转到状态 28
    Number      转到状态 29
    AddExp      转到状态 91
    MulExp      转到状态 37
    UnaryExp    转到状态 38
    PirmaryExp  转到状态 39
    LVal        转到状态 40


状态 65

   55 AddExp: AddExp ADD • MulExp

    NUM    偏移，并进入状态 23
    ADD    偏移，并进入状态 24
    SUB    偏移，并进入状态 25
    NOT    偏移，并进入状态 26
    LP     偏移，并进入状态 27
    IDENT  偏移，并进入状态 8

    Ident       转到状态 28
    Number      转到状态 29
    MulExp      转到状态 92
    UnaryExp    转到状态 38
    PirmaryExp  转到状态 39
    LVal        转到状态 40


状态 66

   56 AddExp: AddExp SUB • MulExp

    NUM    偏移，并进入状态 23
    ADD    偏移，并进入状态 24
    SUB    偏移，并进入状态 25
    NOT    偏移，并进入状态 26
    LP     偏移，并进入状态 27
    IDENT  偏移，并进入状态 8

    Ident       转到状态 28
    Number      转到状态 29
    MulExp      转到状态 93
    UnaryExp    转到状态 38
    PirmaryExp  转到状态 39
    LVal        转到状态 40


状态 67

   58 MulExp: MulExp MUL • UnaryExp

    NUM    偏移，并进入状态 23
    ADD    偏移，并进入状态 24
    SUB    偏移，并进入状态 25
    NOT    偏移，并进入状态 26
    LP     偏移，并进入状态 27
    IDENT  偏移，并进入状态 8

    Ident       转到状态 28
    Number      转到状态 29
    UnaryExp    转到状态 94
    PirmaryExp  转到状态 39
    LVal        转到状态 40


状态 68

   59 MulExp: MulExp DIV • UnaryExp

    NUM    偏移，并进入状态 23
    ADD    偏移，并进入状态 24
    SUB    偏移，并进入状态 25
    NOT    偏移，并进入状态 26
    LP     偏移，并进入状态 27
    IDENT  偏移，并进入状态 8

    Ident       转到状态 28
    Number      转到状态 29
    UnaryExp    转到状态 95
    PirmaryExp  转到状态 39
    LVal        转到状态 40


状态 69

   60 MulExp: MulExp MOD • UnaryExp

    NUM    偏移，并进入状态 23
    ADD    偏移，并进入状态 24
    SUB    偏移，并进入状态 25
    NOT    偏移，并进入状态 26
    LP     偏移，并进入状态 27
    IDENT  偏移，并进入状态 8

    Ident       转到状态 28
    Number      转到状态 29
    UnaryExp    转到状态 96
    PirmaryExp  转到状态 39
    LVal        转到状态 40


状态 70

   14 ArryList: ArryList LB Number • RB

    RB  偏移，并进入状态 97


状态 71

   11 VarDef: Ident • ASSIGNOP InitVal
   12       | Ident • ArryList

    ASSIGNOP  偏移，并进入状态 15

    $default  使用规则 13 以归约 (ArryList)

    ArryList  转到状态 16


状态 72

   10 VarDef_: VarDef_ COMMA VarDef •

    $default  使用规则 10 以归约 (VarDef_)


状态 73

   19 FuncDef: VOID Ident LP RP Block •

    $default  使用规则 19 以归约 (FuncDef)


状态 74

   18 FuncDef: VOID Ident LP FuncParams RP • Block

    LC  偏移，并进入状态 47

    Block  转到状态 98


状态 75

   22 FuncParam: INT Ident LB • RB ArryList

    RB  偏移，并进入状态 99


状态 76

   25 Block: LC BlockItems • RC
   27 BlockItems: BlockItems • BlockItem

    INT       偏移，并进入状态 100
    NUM       偏移，并进入状态 23
    ADD       偏移，并进入状态 24
    SUB       偏移，并进入状态 25
    NOT       偏移，并进入状态 26
    LP        偏移，并进入状态 27
    RC        偏移，并进入状态 101
    LC        偏移，并进入状态 47
    IF        偏移，并进入状态 102
    WHILE     偏移，并进入状态 103
    BREAK     偏移，并进入状态 104
    CONTINUE  偏移，并进入状态 105
    RETURN    偏移，并进入状态 106
    IDENT     偏移，并进入状态 8

    Ident       转到状态 28
    Number      转到状态 29
    Decl        转到状态 107
    VarDecl     转到状态 6
    Block       转到状态 108
    BlockItem   转到状态 109
    Stmt        转到状态 110
    IFStmt      转到状态 111
    Exp         转到状态 112
    LOrExp      转到状态 32
    LAndExp     转到状态 33
    EqExp       转到状态 34
    RelExp      转到状态 35
    AddExp      转到状态 36
    MulExp      转到状态 37
    UnaryExp    转到状态 38
    PirmaryExp  转到状态 39
    LVal        转到状态 113


状态 77

   16 FuncDef: INT Ident LP FuncParams RP Block •

    $default  使用规则 16 以归约 (FuncDef)


状态 78

   24 FuncParam_: FuncParam_ COMMA • FuncParam

    INT  偏移，并进入状态 19

    FuncParam  转到状态 114


状态 79

   67 PirmaryExp: LP Exp RP •

    $default  使用规则 67 以归约 (PirmaryExp)


状态 80

   63 UnaryExp: Ident LP RP •

    $default  使用规则 63 以归约 (UnaryExp)


状态 81

   73 FuncRParams: Exp • FuncRP_

    $default  使用规则 74 以归约 (FuncRP_)

    FuncRP_  转到状态 115


状态 82

   62 UnaryExp: Ident LP FuncRParams • RP

    RP  偏移，并进入状态 116


状态 83

   72 LValList: LValList LB • Exp RB

    NUM    偏移，并进入状态 23
    ADD    偏移，并进入状态 24
    SUB    偏移，并进入状态 25
    NOT    偏移，并进入状态 26
    LP     偏移，并进入状态 27
    IDENT  偏移，并进入状态 8

    Ident       转到状态 28
    Number      转到状态 29
    Exp         转到状态 117
    LOrExp      转到状态 32
    LAndExp     转到状态 33
    EqExp       转到状态 34
    RelExp      转到状态 35
    AddExp      转到状态 36
    MulExp      转到状态 37
    UnaryExp    转到状态 38
    PirmaryExp  转到状态 39
    LVal        转到状态 40


状态 84

   43 LOrExp: LOrExp OR LAndExp •
   45 LAndExp: LAndExp • AND EqExp

    AND  偏移，并进入状态 58

    $default  使用规则 43 以归约 (LOrExp)


状态 85

   45 LAndExp: LAndExp AND EqExp •
   47 EqExp: EqExp • EQ RelExp
   48      | EqExp • NE RelExp

    EQ  偏移，并进入状态 59
    NE  偏移，并进入状态 60

    $default  使用规则 45 以归约 (LAndExp)


状态 86

   47 EqExp: EqExp EQ RelExp •
   50 RelExp: RelExp • LT AddExp
   51       | RelExp • LE AddExp
   52       | RelExp • GT AddExp
   53       | RelExp • GE AddExp

    LT  偏移，并进入状态 61
    LE  偏移，并进入状态 62
    GT  偏移，并进入状态 63
    GE  偏移，并进入状态 64

    $default  使用规则 47 以归约 (EqExp)


状态 87

   48 EqExp: EqExp NE RelExp •
   50 RelExp: RelExp • LT AddExp
   51       | RelExp • LE AddExp
   52       | RelExp • GT AddExp
   53       | RelExp • GE AddExp

    LT  偏移，并进入状态 61
    LE  偏移，并进入状态 62
    GT  偏移，并进入状态 63
    GE  偏移，并进入状态 64

    $default  使用规则 48 以归约 (EqExp)


状态 88

   50 RelExp: RelExp LT AddExp •
   55 AddExp: AddExp • ADD MulExp
   56       | AddExp • SUB MulExp

    ADD  偏移，并进入状态 65
    SUB  偏移，并进入状态 66

    $default  使用规则 50 以归约 (RelExp)


状态 89

   51 RelExp: RelExp LE AddExp •
   55 AddExp: AddExp • ADD MulExp
   56       | AddExp • SUB MulExp

    ADD  偏移，并进入状态 65
    SUB  偏移，并进入状态 66

    $default  使用规则 51 以归约 (RelExp)


状态 90

   52 RelExp: RelExp GT AddExp •
   55 AddExp: AddExp • ADD MulExp
   56       | AddExp • SUB MulExp

    ADD  偏移，并进入状态 65
    SUB  偏移，并进入状态 66

    $default  使用规则 52 以归约 (RelExp)


状态 91

   53 RelExp: RelExp GE AddExp •
   55 AddExp: AddExp • ADD MulExp
   56       | AddExp • SUB MulExp

    ADD  偏移，并进入状态 65
    SUB  偏移，并进入状态 66

    $default  使用规则 53 以归约 (RelExp)


状态 92

   55 AddExp: AddExp ADD MulExp •
   58 MulExp: MulExp • MUL UnaryExp
   59       | MulExp • DIV UnaryExp
   60       | MulExp • MOD UnaryExp

    MUL  偏移，并进入状态 67
    DIV  偏移，并进入状态 68
    MOD  偏移，并进入状态 69

    $default  使用规则 55 以归约 (AddExp)


状态 93

   56 AddExp: AddExp SUB MulExp •
   58 MulExp: MulExp • MUL UnaryExp
   59       | MulExp • DIV UnaryExp
   60       | MulExp • MOD UnaryExp

    MUL  偏移，并进入状态 67
    DIV  偏移，并进入状态 68
    MOD  偏移，并进入状态 69

    $default  使用规则 56 以归约 (AddExp)


状态 94

   58 MulExp: MulExp MUL UnaryExp •

    $default  使用规则 58 以归约 (MulExp)


状态 95

   59 MulExp: MulExp DIV UnaryExp •

    $default  使用规则 59 以归约 (MulExp)


状态 96

   60 MulExp: MulExp MOD UnaryExp •

    $default  使用规则 60 以归约 (MulExp)


状态 97

   14 ArryList: ArryList LB Number RB •

    $default  使用规则 14 以归约 (ArryList)


状态 98

   18 FuncDef: VOID Ident LP FuncParams RP Block •

    $default  使用规则 18 以归约 (FuncDef)


状态 99

   22 FuncParam: INT Ident LB RB • ArryList

    $default  使用规则 13 以归约 (ArryList)

    ArryList  转到状态 118


状态 100

    8 VarDecl: INT • VarDef VarDef_ SEMI

    IDENT  偏移，并进入状态 8

    Ident   转到状态 71
    VarDef  转到状态 10


状态 101

   25 Block: LC BlockItems RC •

    $default  使用规则 25 以归约 (Block)


状态 102

   39 IFStmt: IF • LP Exp RP Stmt
   40       | IF • LP Exp RP Stmt ELSE Stmt

    LP  偏移，并进入状态 119


状态 103

   34 Stmt: WHILE • LP Exp RP Stmt

    LP  偏移，并进入状态 120


状态 104

   35 Stmt: BREAK • SEMI

    SEMI  偏移，并进入状态 121


状态 105

   36 Stmt: CONTINUE • SEMI

    SEMI  偏移，并进入状态 122


状态 106

   37 Stmt: RETURN • Exp SEMI
   38     | RETURN • SEMI

    NUM    偏移，并进入状态 23
    ADD    偏移，并进入状态 24
    SUB    偏移，并进入状态 25
    NOT    偏移，并进入状态 26
    LP     偏移，并进入状态 27
    SEMI   偏移，并进入状态 123
    IDENT  偏移，并进入状态 8

    Ident       转到状态 28
    Number      转到状态 29
    Exp         转到状态 124
    LOrExp      转到状态 32
    LAndExp     转到状态 33
    EqExp       转到状态 34
    RelExp      转到状态 35
    AddExp      转到状态 36
    MulExp      转到状态 37
    UnaryExp    转到状态 38
    PirmaryExp  转到状态 39
    LVal        转到状态 40


状态 107

   28 BlockItem: Decl •

    $default  使用规则 28 以归约 (BlockItem)


状态 108

   32 Stmt: Block •

    $default  使用规则 32 以归约 (Stmt)


状态 109

   27 BlockItems: BlockItems BlockItem •

    $default  使用规则 27 以归约 (BlockItems)


状态 110

   29 BlockItem: Stmt •

    $default  使用规则 29 以归约 (BlockItem)


状态 111

   33 Stmt: IFStmt •

    $default  使用规则 33 以归约 (Stmt)


状态 112

   31 Stmt: Exp • SEMI

    SEMI  偏移，并进入状态 125


状态 113

   30 Stmt: LVal • ASSIGNOP Exp SEMI
   68 PirmaryExp: LVal •

    ASSIGNOP  偏移，并进入状态 126

    $default  使用规则 68 以归约 (PirmaryExp)


状态 114

   24 FuncParam_: FuncParam_ COMMA FuncParam •

    $default  使用规则 24 以归约 (FuncParam_)


状态 115

   73 FuncRParams: Exp FuncRP_ •
   75 FuncRP_: FuncRP_ • COMMA Exp

    COMMA  偏移，并进入状态 127

    $default  使用规则 73 以归约 (FuncRParams)


状态 116

   62 UnaryExp: Ident LP FuncRParams RP •

    $default  使用规则 62 以归约 (UnaryExp)


状态 117

   72 LValList: LValList LB Exp • RB

    RB  偏移，并进入状态 128


状态 118

   14 ArryList: ArryList • LB Number RB
   22 FuncParam: INT Ident LB RB ArryList •

    LB  偏移，并进入状态 41

    $default  使用规则 22 以归约 (FuncParam)


状态 119

   39 IFStmt: IF LP • Exp RP Stmt
   40       | IF LP • Exp RP Stmt ELSE Stmt

    NUM    偏移，并进入状态 23
    ADD    偏移，并进入状态 24
    SUB    偏移，并进入状态 25
    NOT    偏移，并进入状态 26
    LP     偏移，并进入状态 27
    IDENT  偏移，并进入状态 8

    Ident       转到状态 28
    Number      转到状态 29
    Exp         转到状态 129
    LOrExp      转到状态 32
    LAndExp     转到状态 33
    EqExp       转到状态 34
    RelExp      转到状态 35
    AddExp      转到状态 36
    MulExp      转到状态 37
    UnaryExp    转到状态 38
    PirmaryExp  转到状态 39
    LVal        转到状态 40


状态 120

   34 Stmt: WHILE LP • Exp RP Stmt

    NUM    偏移，并进入状态 23
    ADD    偏移，并进入状态 24
    SUB    偏移，并进入状态 25
    NOT    偏移，并进入状态 26
    LP     偏移，并进入状态 27
    IDENT  偏移，并进入状态 8

    Ident       转到状态 28
    Number      转到状态 29
    Exp         转到状态 130
    LOrExp      转到状态 32
    LAndExp     转到状态 33
    EqExp       转到状态 34
    RelExp      转到状态 35
    AddExp      转到状态 36
    MulExp      转到状态 37
    UnaryExp    转到状态 38
    PirmaryExp  转到状态 39
    LVal        转到状态 40


状态 121

   35 Stmt: BREAK SEMI •

    $default  使用规则 35 以归约 (Stmt)


状态 122

   36 Stmt: CONTINUE SEMI •

    $default  使用规则 36 以归约 (Stmt)


状态 123

   38 Stmt: RETURN SEMI •

    $default  使用规则 38 以归约 (Stmt)


状态 124

   37 Stmt: RETURN Exp • SEMI

    SEMI  偏移，并进入状态 131


状态 125

   31 Stmt: Exp SEMI •

    $default  使用规则 31 以归约 (Stmt)


状态 126

   30 Stmt: LVal ASSIGNOP • Exp SEMI

    NUM    偏移，并进入状态 23
    ADD    偏移，并进入状态 24
    SUB    偏移，并进入状态 25
    NOT    偏移，并进入状态 26
    LP     偏移，并进入状态 27
    IDENT  偏移，并进入状态 8

    Ident       转到状态 28
    Number      转到状态 29
    Exp         转到状态 132
    LOrExp      转到状态 32
    LAndExp     转到状态 33
    EqExp       转到状态 34
    RelExp      转到状态 35
    AddExp      转到状态 36
    MulExp      转到状态 37
    UnaryExp    转到状态 38
    PirmaryExp  转到状态 39
    LVal        转到状态 40


状态 127

   75 FuncRP_: FuncRP_ COMMA • Exp

    NUM    偏移，并进入状态 23
    ADD    偏移，并进入状态 24
    SUB    偏移，并进入状态 25
    NOT    偏移，并进入状态 26
    LP     偏移，并进入状态 27
    IDENT  偏移，并进入状态 8

    Ident       转到状态 28
    Number      转到状态 29
    Exp         转到状态 133
    LOrExp      转到状态 32
    LAndExp     转到状态 33
    EqExp       转到状态 34
    RelExp      转到状态 35
    AddExp      转到状态 36
    MulExp      转到状态 37
    UnaryExp    转到状态 38
    PirmaryExp  转到状态 39
    LVal        转到状态 40


状态 128

   72 LValList: LValList LB Exp RB •

    $default  使用规则 72 以归约 (LValList)


状态 129

   39 IFStmt: IF LP Exp • RP Stmt
   40       | IF LP Exp • RP Stmt ELSE Stmt

    RP  偏移，并进入状态 134


状态 130

   34 Stmt: WHILE LP Exp • RP Stmt

    RP  偏移，并进入状态 135


状态 131

   37 Stmt: RETURN Exp SEMI •

    $default  使用规则 37 以归约 (Stmt)


状态 132

   30 Stmt: LVal ASSIGNOP Exp • SEMI

    SEMI  偏移，并进入状态 136


状态 133

   75 FuncRP_: FuncRP_ COMMA Exp •

    $default  使用规则 75 以归约 (FuncRP_)


状态 134

   39 IFStmt: IF LP Exp RP • Stmt
   40       | IF LP Exp RP • Stmt ELSE Stmt

    NUM       偏移，并进入状态 23
    ADD       偏移，并进入状态 24
    SUB       偏移，并进入状态 25
    NOT       偏移，并进入状态 26
    LP        偏移，并进入状态 27
    LC        偏移，并进入状态 47
    IF        偏移，并进入状态 102
    WHILE     偏移，并进入状态 103
    BREAK     偏移，并进入状态 104
    CONTINUE  偏移，并进入状态 105
    RETURN    偏移，并进入状态 106
    IDENT     偏移，并进入状态 8

    Ident       转到状态 28
    Number      转到状态 29
    Block       转到状态 108
    Stmt        转到状态 137
    IFStmt      转到状态 111
    Exp         转到状态 112
    LOrExp      转到状态 32
    LAndExp     转到状态 33
    EqExp       转到状态 34
    RelExp      转到状态 35
    AddExp      转到状态 36
    MulExp      转到状态 37
    UnaryExp    转到状态 38
    PirmaryExp  转到状态 39
    LVal        转到状态 113


状态 135

   34 Stmt: WHILE LP Exp RP • Stmt

    NUM       偏移，并进入状态 23
    ADD       偏移，并进入状态 24
    SUB       偏移，并进入状态 25
    NOT       偏移，并进入状态 26
    LP        偏移，并进入状态 27
    LC        偏移，并进入状态 47
    IF        偏移，并进入状态 102
    WHILE     偏移，并进入状态 103
    BREAK     偏移，并进入状态 104
    CONTINUE  偏移，并进入状态 105
    RETURN    偏移，并进入状态 106
    IDENT     偏移，并进入状态 8

    Ident       转到状态 28
    Number      转到状态 29
    Block       转到状态 108
    Stmt        转到状态 138
    IFStmt      转到状态 111
    Exp         转到状态 112
    LOrExp      转到状态 32
    LAndExp     转到状态 33
    EqExp       转到状态 34
    RelExp      转到状态 35
    AddExp      转到状态 36
    MulExp      转到状态 37
    UnaryExp    转到状态 38
    PirmaryExp  转到状态 39
    LVal        转到状态 113


状态 136

   30 Stmt: LVal ASSIGNOP Exp SEMI •

    $default  使用规则 30 以归约 (Stmt)


状态 137

   39 IFStmt: IF LP Exp RP Stmt •
   40       | IF LP Exp RP Stmt • ELSE Stmt

    ELSE  偏移，并进入状态 139

    ELSE      [使用规则 39 以归约 (IFStmt)]
    $default  使用规则 39 以归约 (IFStmt)


状态 138

   34 Stmt: WHILE LP Exp RP Stmt •

    $default  使用规则 34 以归约 (Stmt)


状态 139

   40 IFStmt: IF LP Exp RP Stmt ELSE • Stmt

    NUM       偏移，并进入状态 23
    ADD       偏移，并进入状态 24
    SUB       偏移，并进入状态 25
    NOT       偏移，并进入状态 26
    LP        偏移，并进入状态 27
    LC        偏移，并进入状态 47
    IF        偏移，并进入状态 102
    WHILE     偏移，并进入状态 103
    BREAK     偏移，并进入状态 104
    CONTINUE  偏移，并进入状态 105
    RETURN    偏移，并进入状态 106
    IDENT     偏移，并进入状态 8

    Ident       转到状态 28
    Number      转到状态 29
    Block       转到状态 108
    Stmt        转到状态 140
    IFStmt      转到状态 111
    Exp         转到状态 112
    LOrExp      转到状态 32
    LAndExp     转到状态 33
    EqExp       转到状态 34
    RelExp      转到状态 35
    AddExp      转到状态 36
    MulExp      转到状态 37
    UnaryExp    转到状态 38
    PirmaryExp  转到状态 39
    LVal        转到状态 113


状态 140

   40 IFStmt: IF LP Exp RP Stmt ELSE Stmt •

    $default  使用规则 40 以归约 (IFStmt)
